d:\documents\code\visual studio\leetcode\代码随想录\字符串\x64\debug\vc143.pdb
d:\documents\code\visual studio\leetcode\代码随想录\字符串\x64\debug\vc143.idb
d:\documents\code\visual studio\leetcode\代码随想录\字符串\x64\debug\字符串4-5.obj
d:\documents\code\visual studio\leetcode\代码随想录\字符串\x64\debug\字符串3.obj
d:\documents\code\visual studio\leetcode\代码随想录\字符串\x64\debug\字符串2.obj
d:\documents\code\visual studio\leetcode\代码随想录\字符串\x64\debug\字符串1.obj
d:\documents\code\visual studio\leetcode\x64\debug\字符串.pdb
d:\documents\code\visual studio\leetcode\代码随想录\字符串\x64\debug\字符串.tlog\cl.command.1.tlog
d:\documents\code\visual studio\leetcode\代码随想录\字符串\x64\debug\字符串.tlog\cl.read.1.tlog
d:\documents\code\visual studio\leetcode\代码随想录\字符串\x64\debug\字符串.tlog\cl.write.1.tlog
d:\documents\code\visual studio\leetcode\代码随想录\字符串\x64\debug\字符串.tlog\link-cvtres.read.1.tlog
d:\documents\code\visual studio\leetcode\代码随想录\字符串\x64\debug\字符串.tlog\link-cvtres.write.1.tlog
d:\documents\code\visual studio\leetcode\代码随想录\字符串\x64\debug\字符串.tlog\link-rc.read.1.tlog
d:\documents\code\visual studio\leetcode\代码随想录\字符串\x64\debug\字符串.tlog\link-rc.write.1.tlog
d:\documents\code\visual studio\leetcode\代码随想录\字符串\x64\debug\字符串.tlog\link.command.1.tlog
d:\documents\code\visual studio\leetcode\代码随想录\字符串\x64\debug\字符串.tlog\link.read.1.tlog
d:\documents\code\visual studio\leetcode\代码随想录\字符串\x64\debug\字符串.tlog\link.read.2.tlog
d:\documents\code\visual studio\leetcode\代码随想录\字符串\x64\debug\字符串.tlog\link.read.3.tlog
d:\documents\code\visual studio\leetcode\代码随想录\字符串\x64\debug\字符串.tlog\link.read.4.tlog
d:\documents\code\visual studio\leetcode\代码随想录\字符串\x64\debug\字符串.tlog\link.write.1.tlog
