d:\documents\code\visual studio\leetcode\代码随想录\链表\x64\debug\vc143.pdb
d:\documents\code\visual studio\leetcode\代码随想录\链表\x64\debug\vc143.idb
d:\documents\code\visual studio\leetcode\代码随想录\链表\x64\debug\链表6.obj
d:\documents\code\visual studio\leetcode\代码随想录\链表\x64\debug\链表5.obj
d:\documents\code\visual studio\leetcode\代码随想录\链表\x64\debug\链表4.obj
d:\documents\code\visual studio\leetcode\代码随想录\链表\x64\debug\链表3.obj
d:\documents\code\visual studio\leetcode\代码随想录\链表\x64\debug\链表2.obj
d:\documents\code\visual studio\leetcode\代码随想录\链表\x64\debug\链表1.obj
d:\documents\code\visual studio\leetcode\x64\debug\链表.pdb
d:\documents\code\visual studio\leetcode\代码随想录\链表\x64\debug\链表.tlog\cl.command.1.tlog
d:\documents\code\visual studio\leetcode\代码随想录\链表\x64\debug\链表.tlog\cl.read.1.tlog
d:\documents\code\visual studio\leetcode\代码随想录\链表\x64\debug\链表.tlog\cl.write.1.tlog
d:\documents\code\visual studio\leetcode\代码随想录\链表\x64\debug\链表.tlog\link-cvtres.read.1.tlog
d:\documents\code\visual studio\leetcode\代码随想录\链表\x64\debug\链表.tlog\link-cvtres.write.1.tlog
d:\documents\code\visual studio\leetcode\代码随想录\链表\x64\debug\链表.tlog\link-rc.read.1.tlog
d:\documents\code\visual studio\leetcode\代码随想录\链表\x64\debug\链表.tlog\link-rc.write.1.tlog
d:\documents\code\visual studio\leetcode\代码随想录\链表\x64\debug\链表.tlog\link.command.1.tlog
d:\documents\code\visual studio\leetcode\代码随想录\链表\x64\debug\链表.tlog\link.read.1.tlog
d:\documents\code\visual studio\leetcode\代码随想录\链表\x64\debug\链表.tlog\link.read.2.tlog
d:\documents\code\visual studio\leetcode\代码随想录\链表\x64\debug\链表.tlog\link.read.3.tlog
d:\documents\code\visual studio\leetcode\代码随想录\链表\x64\debug\链表.tlog\link.read.4.tlog
d:\documents\code\visual studio\leetcode\代码随想录\链表\x64\debug\链表.tlog\link.write.1.tlog
