d:\documents\code\visual studio\leetcode\代码随想录\回溯算法\x64\debug\vc143.pdb
d:\documents\code\visual studio\leetcode\代码随想录\回溯算法\x64\debug\vc143.idb
d:\documents\code\visual studio\leetcode\代码随想录\回溯算法\x64\debug\回溯9.obj
d:\documents\code\visual studio\leetcode\代码随想录\回溯算法\x64\debug\回溯8.obj
d:\documents\code\visual studio\leetcode\代码随想录\回溯算法\x64\debug\回溯7.obj
d:\documents\code\visual studio\leetcode\代码随想录\回溯算法\x64\debug\回溯6.obj
d:\documents\code\visual studio\leetcode\代码随想录\回溯算法\x64\debug\回溯5.obj
d:\documents\code\visual studio\leetcode\代码随想录\回溯算法\x64\debug\回溯4.obj
d:\documents\code\visual studio\leetcode\代码随想录\回溯算法\x64\debug\回溯3.obj
d:\documents\code\visual studio\leetcode\代码随想录\回溯算法\x64\debug\回溯2.obj
d:\documents\code\visual studio\leetcode\代码随想录\回溯算法\x64\debug\回溯13.obj
d:\documents\code\visual studio\leetcode\代码随想录\回溯算法\x64\debug\回溯12.obj
d:\documents\code\visual studio\leetcode\代码随想录\回溯算法\x64\debug\回溯11.obj
d:\documents\code\visual studio\leetcode\代码随想录\回溯算法\x64\debug\回溯10.obj
d:\documents\code\visual studio\leetcode\x64\debug\回溯算法.pdb
d:\documents\code\visual studio\leetcode\代码随想录\回溯算法\x64\debug\回溯算法.tlog\cl.command.1.tlog
d:\documents\code\visual studio\leetcode\代码随想录\回溯算法\x64\debug\回溯算法.tlog\cl.read.1.tlog
d:\documents\code\visual studio\leetcode\代码随想录\回溯算法\x64\debug\回溯算法.tlog\cl.write.1.tlog
d:\documents\code\visual studio\leetcode\代码随想录\回溯算法\x64\debug\回溯算法.tlog\link-cvtres.read.1.tlog
d:\documents\code\visual studio\leetcode\代码随想录\回溯算法\x64\debug\回溯算法.tlog\link-cvtres.write.1.tlog
d:\documents\code\visual studio\leetcode\代码随想录\回溯算法\x64\debug\回溯算法.tlog\link-rc.read.1.tlog
d:\documents\code\visual studio\leetcode\代码随想录\回溯算法\x64\debug\回溯算法.tlog\link-rc.write.1.tlog
d:\documents\code\visual studio\leetcode\代码随想录\回溯算法\x64\debug\回溯算法.tlog\link.command.1.tlog
d:\documents\code\visual studio\leetcode\代码随想录\回溯算法\x64\debug\回溯算法.tlog\link.read.1.tlog
d:\documents\code\visual studio\leetcode\代码随想录\回溯算法\x64\debug\回溯算法.tlog\link.read.2.tlog
d:\documents\code\visual studio\leetcode\代码随想录\回溯算法\x64\debug\回溯算法.tlog\link.read.3.tlog
d:\documents\code\visual studio\leetcode\代码随想录\回溯算法\x64\debug\回溯算法.tlog\link.read.4.tlog
d:\documents\code\visual studio\leetcode\代码随想录\回溯算法\x64\debug\回溯算法.tlog\link.write.1.tlog
